<?xml version="1.0" encoding="UTF-8"?>
<testsuite name="co.edu.udea.securevault.core.PasswordGeneratorTest" tests="4" skipped="0" failures="0" errors="0" timestamp="2026-08-18T02:10:53.990Z" hostname="omarchy" time="0.028">
  <properties/>
  <testcase name="generaContrasenaConLaLongitudSolicitada()" classname="co.edu.udea.securevault.core.PasswordGeneratorTest" time="0.012"/>
  <testcase name="generaContrasenaConTodasLasClasesDeCaracteres()" classname="co.edu.udea.securevault.core.PasswordGeneratorTest" time="0.002"/>
  <testcase name="dosGeneracionesSonDistintas()" classname="co.edu.udea.securevault.core.PasswordGeneratorTest" time="0.001"/>
  <testcase name="longitudMenorA4LanzaExcepcion()" classname="co.edu.udea.securevault.core.PasswordGeneratorTest" time="0.001"/>
  <system-out><![CDATA[]]></system-out>
  <system-err><![CDATA[]]></system-err>
</testsuite>
