<?xml version="1.0" encoding="UTF-8"?>
<testsuite name="co.edu.udea.securevault.service.PasswordManagerTest" tests="5" skipped="0" failures="0" errors="0" timestamp="2026-08-18T02:10:58.105Z" hostname="omarchy" time="0.003">
  <properties/>
  <testcase name="noPermiteAgregarServicioDuplicado()" classname="co.edu.udea.securevault.service.PasswordManagerTest" time="0.001"/>
  <testcase name="actualizarContrasena()" classname="co.edu.udea.securevault.service.PasswordManagerTest" time="0.001"/>
  <testcase name="eliminarCredencial()" classname="co.edu.udea.securevault.service.PasswordManagerTest" time="0.0"/>
  <testcase name="buscarServicioInexistenteDevuelveVacio()" classname="co.edu.udea.securevault.service.PasswordManagerTest" time="0.0"/>
  <testcase name="agregarYBuscarCredencial()" classname="co.edu.udea.securevault.service.PasswordManagerTest" time="0.0"/>
  <system-out><![CDATA[]]></system-out>
  <system-err><![CDATA[]]></system-err>
</testsuite>
