<?xml version="1.0" encoding="UTF-8"?>
<testsuite name="co.edu.udea.securevault.core.PasswordValidatorTest" tests="8" skipped="0" failures="0" errors="0" timestamp="2026-08-18T02:10:54.019Z" hostname="omarchy" time="0.005">
  <properties/>
  <testcase name="contrasenaSoloNumerosTienePuntuacionBaja()" classname="co.edu.udea.securevault.core.PasswordValidatorTest" time="0.001"/>
  <testcase name="contrasenaFuerteEsReconocidaComoFuerte()" classname="co.edu.udea.securevault.core.PasswordValidatorTest" time="0.0"/>
  <testcase name="contrasenaDe8CaracteresConMayusculasYNumerosEsFuerte()" classname="co.edu.udea.securevault.core.PasswordValidatorTest" time="0.0"/>
  <testcase name="contrasenaDeSoloMinusculasLargasEsMedia()" classname="co.edu.udea.securevault.core.PasswordValidatorTest" time="0.001"/>
  <testcase name="contrasenaNulaEsDebil()" classname="co.edu.udea.securevault.core.PasswordValidatorTest" time="0.0"/>
  <testcase name="contrasenaMenorA8CaracteresEsDebil()" classname="co.edu.udea.securevault.core.PasswordValidatorTest" time="0.0"/>
  <testcase name="contrasenaVaciaEsDebil()" classname="co.edu.udea.securevault.core.PasswordValidatorTest" time="0.0"/>
  <testcase name="contrasenaSinMayusculaNoEsFuerte()" classname="co.edu.udea.securevault.core.PasswordValidatorTest" time="0.001"/>
  <system-out><![CDATA[]]></system-out>
  <system-err><![CDATA[]]></system-err>
</testsuite>
