<?xml version="1.0" encoding="UTF-8"?>
<testsuite name="co.edu.udea.securevault.perf.PerformanceTest" tests="3" skipped="0" failures="0" errors="0" timestamp="2026-08-18T02:10:54.024Z" hostname="omarchy" time="4.08">
  <properties/>
  <testcase name="secureRandomEsMasLentoQueRandom()" classname="co.edu.udea.securevault.perf.PerformanceTest" time="2.538"/>
  <testcase name="busquedaEnListaEscalaDeFormaLineal()" classname="co.edu.udea.securevault.perf.PerformanceTest" time="1.041"/>
  <testcase name="busquedaPorMapaEsMasRapidaQuePorLista()" classname="co.edu.udea.securevault.perf.PerformanceTest" time="0.5"/>
  <system-out><![CDATA[[Perf] Generacion: Random=184.04 ns/op | SecureRandom=2315.31 ns/op | SecureRandom es 12.6x mas lento
[Perf] Escalado lista: 10k=21793.74 ns/op | 100k=451554.22 ns/op | 1M=6414974.95 ns/op
[Perf] Busqueda: Lista=413665.64 ns/op | Mapa=117.79 ns/op | Mapa es 3511.8x mas rapido
]]></system-out>
  <system-err><![CDATA[]]></system-err>
</testsuite>
