<?xml version="1.0" encoding="UTF-8"?>
<testsuite name="co.edu.udea.securevault.core.PasswordGeneratorTest" tests="4" skipped="0" failures="0" errors="0" timestamp="2026-08-17T23:45:21.185Z" hostname="omarchy" time="0.026">
  <properties/>
  <testcase name="generaContrasenaConLaLongitudSolicitada()" classname="co.edu.udea.securevault.core.PasswordGeneratorTest" time="0.009"/>
  <testcase name="generaContrasenaConTodasLasClasesDeCaracteres()" classname="co.edu.udea.securevault.core.PasswordGeneratorTest" time="0.003"/>
  <testcase name="dosGeneracionesSonDistintas()" classname="co.edu.udea.securevault.core.PasswordGeneratorTest" time="0.001"/>
  <testcase name="longitudMenorA4LanzaExcepcion()" classname="co.edu.udea.securevault.core.PasswordGeneratorTest" time="0.001"/>
  <system-out><![CDATA[]]></system-out>
  <system-err><![CDATA[]]></system-err>
</testsuite>
